[2020-05-06 12:07:08.471] [exthost] [info] extension host started
[2020-05-06 12:07:08.873] [exthost] [info] ExtensionService#_doActivateExtension vscode.debug-auto-launch {"startup":true,"extensionId":{"value":"vscode.debug-auto-launch","_lower":"vscode.debug-auto-launch"},"activationEvent":"*"}
[2020-05-06 12:07:08.875] [exthost] [info] ExtensionService#loadCommonJSModule file:///usr/share/code/resources/app/extensions/debug-auto-launch/dist/extension
[2020-05-06 12:07:08.946] [exthost] [info] ExtensionService#_doActivateExtension vscode.emmet {"startup":true,"extensionId":{"value":"vscode.emmet","_lower":"vscode.emmet"},"activationEvent":"*"}
[2020-05-06 12:07:08.947] [exthost] [info] ExtensionService#loadCommonJSModule file:///usr/share/code/resources/app/extensions/emmet/dist/extension
[2020-05-06 12:07:09.108] [exthost] [info] ExtensionService#_doActivateExtension vscode.git {"startup":true,"extensionId":{"value":"vscode.git","_lower":"vscode.git"},"activationEvent":"*"}
[2020-05-06 12:07:09.111] [exthost] [info] ExtensionService#loadCommonJSModule file:///usr/share/code/resources/app/extensions/git/dist/main
[2020-05-06 12:07:09.663] [exthost] [info] ExtensionService#_doActivateExtension vscode.github-authentication {"startup":true,"extensionId":{"value":"vscode.github-authentication","_lower":"vscode.github-authentication"},"activationEvent":"*"}
[2020-05-06 12:07:09.664] [exthost] [info] ExtensionService#loadCommonJSModule file:///usr/share/code/resources/app/extensions/github-authentication/dist/extension.js
[2020-05-06 12:07:09.731] [exthost] [info] ExtensionService#_doActivateExtension vscode.merge-conflict {"startup":true,"extensionId":{"value":"vscode.merge-conflict","_lower":"vscode.merge-conflict"},"activationEvent":"*"}
[2020-05-06 12:07:09.732] [exthost] [info] ExtensionService#loadCommonJSModule file:///usr/share/code/resources/app/extensions/merge-conflict/dist/extension
[2020-05-06 12:07:09.770] [exthost] [info] ExtensionService#_doActivateExtension vscode.search-result {"startup":true,"extensionId":{"value":"vscode.search-result","_lower":"vscode.search-result"},"activationEvent":"*"}
[2020-05-06 12:07:09.779] [exthost] [info] ExtensionService#loadCommonJSModule file:///usr/share/code/resources/app/extensions/search-result/dist/extension.js
[2020-05-06 12:07:09.791] [exthost] [info] ExtensionService#_doActivateExtension vscode.vscode-account {"startup":true,"extensionId":{"value":"vscode.vscode-account","_lower":"vscode.vscode-account"},"activationEvent":"*"}
[2020-05-06 12:07:09.795] [exthost] [info] ExtensionService#loadCommonJSModule file:///usr/share/code/resources/app/extensions/vscode-account/dist/extension.js
[2020-05-06 12:07:09.840] [exthost] [info] ExtensionService#_doActivateExtension dbaeumer.vscode-eslint {"startup":true,"extensionId":{"value":"dbaeumer.vscode-eslint","_lower":"dbaeumer.vscode-eslint"},"activationEvent":"*"}
[2020-05-06 12:07:09.841] [exthost] [info] ExtensionService#loadCommonJSModule file:///home/youssef/.vscode/extensions/dbaeumer.vscode-eslint-2.1.5/client/out/extension
[2020-05-06 12:07:10.015] [exthost] [info] ExtensionService#_doActivateExtension EditorConfig.EditorConfig {"startup":true,"extensionId":{"value":"EditorConfig.EditorConfig","_lower":"editorconfig.editorconfig"},"activationEvent":"*"}
[2020-05-06 12:07:10.015] [exthost] [info] ExtensionService#loadCommonJSModule file:///home/youssef/.vscode/extensions/editorconfig.editorconfig-0.14.5/out/editorConfigMain.js
[2020-05-06 12:07:11.509] [exthost] [info] ExtensionService#_doActivateExtension esbenp.prettier-vscode {"startup":true,"extensionId":{"value":"esbenp.prettier-vscode","_lower":"esbenp.prettier-vscode"},"activationEvent":"*"}
[2020-05-06 12:07:11.509] [exthost] [info] ExtensionService#loadCommonJSModule file:///home/youssef/.vscode/extensions/esbenp.prettier-vscode-4.5.0/dist/extension
[2020-05-06 12:07:12.161] [exthost] [info] ExtensionService#_doActivateExtension kiteco.kite {"startup":true,"extensionId":{"value":"kiteco.kite","_lower":"kiteco.kite"},"activationEvent":"*"}
[2020-05-06 12:07:12.162] [exthost] [info] ExtensionService#loadCommonJSModule file:///home/youssef/.vscode/extensions/kiteco.kite-0.110.0/dist/kite-extension
[2020-05-06 12:07:12.400] [exthost] [info] ExtensionService#_doActivateExtension ritwickdey.LiveServer {"startup":true,"extensionId":{"value":"ritwickdey.LiveServer","_lower":"ritwickdey.liveserver"},"activationEvent":"*"}
[2020-05-06 12:07:12.400] [exthost] [info] ExtensionService#loadCommonJSModule file:///home/youssef/.vscode/extensions/ritwickdey.liveserver-5.6.1/out/src/extension
[2020-05-06 12:07:29.072] [exthost] [info] eager extensions activated
[2020-05-06 12:07:36.444] [exthost] [info] ExtensionService#_doActivateExtension vscode.typescript-language-features {"startup":false,"extensionId":{"value":"vscode.typescript-language-features","_lower":"vscode.typescript-language-features"},"activationEvent":"onLanguage:javascript"}
[2020-05-06 12:07:36.444] [exthost] [info] ExtensionService#loadCommonJSModule file:///usr/share/code/resources/app/extensions/typescript-language-features/dist/extension
[2020-05-06 12:07:36.920] [exthost] [info] ExtensionService#_doActivateExtension VisualStudioExptTeam.vscodeintellicode {"startup":false,"extensionId":{"value":"VisualStudioExptTeam.vscodeintellicode","_lower":"visualstudioexptteam.vscodeintellicode"},"activationEvent":"onLanguage:javascript"}
[2020-05-06 12:07:36.921] [exthost] [info] ExtensionService#loadCommonJSModule file:///home/youssef/.vscode/extensions/visualstudioexptteam.vscodeintellicode-1.2.6/dist/intellicode
[2020-05-06 12:07:42.106] [exthost] [info] ExtensionService#_doActivateExtension vscode.configuration-editing {"startup":false,"extensionId":{"value":"vscode.configuration-editing","_lower":"vscode.configuration-editing"},"activationEvent":"onLanguage:jsonc"}
[2020-05-06 12:07:42.106] [exthost] [info] ExtensionService#loadCommonJSModule file:///usr/share/code/resources/app/extensions/configuration-editing/dist/extension
[2020-05-06 12:07:42.433] [exthost] [info] ExtensionService#_doActivateExtension vscode.json-language-features {"startup":false,"extensionId":{"value":"vscode.json-language-features","_lower":"vscode.json-language-features"},"activationEvent":"onLanguage:jsonc"}
[2020-05-06 12:07:42.433] [exthost] [info] ExtensionService#loadCommonJSModule file:///usr/share/code/resources/app/extensions/json-language-features/client/dist/jsonMain
[2020-05-06 12:07:50.542] [exthost] [info] ExtensionService#_doActivateExtension felixfbecker.php-intellisense {"startup":false,"extensionId":{"value":"felixfbecker.php-intellisense","_lower":"felixfbecker.php-intellisense"},"activationEvent":"workspaceContains:**/*.php"}
[2020-05-06 12:07:50.543] [exthost] [info] ExtensionService#loadCommonJSModule file:///home/youssef/.vscode/extensions/felixfbecker.php-intellisense-2.3.14/out/extension
[2020-05-06 12:08:09.269] [exthost] [info] extension host started
[2020-05-06 12:08:09.683] [exthost] [info] ExtensionService#_doActivateExtension vscode.debug-auto-launch {"startup":true,"extensionId":{"value":"vscode.debug-auto-launch","_lower":"vscode.debug-auto-launch"},"activationEvent":"*"}
[2020-05-06 12:08:09.683] [exthost] [info] ExtensionService#loadCommonJSModule file:///usr/share/code/resources/app/extensions/debug-auto-launch/dist/extension
[2020-05-06 12:08:09.732] [exthost] [info] ExtensionService#_doActivateExtension vscode.emmet {"startup":true,"extensionId":{"value":"vscode.emmet","_lower":"vscode.emmet"},"activationEvent":"*"}
[2020-05-06 12:08:09.732] [exthost] [info] ExtensionService#loadCommonJSModule file:///usr/share/code/resources/app/extensions/emmet/dist/extension
[2020-05-06 12:08:09.888] [exthost] [info] ExtensionService#_doActivateExtension vscode.git {"startup":true,"extensionId":{"value":"vscode.git","_lower":"vscode.git"},"activationEvent":"*"}
[2020-05-06 12:08:09.904] [exthost] [info] ExtensionService#loadCommonJSModule file:///usr/share/code/resources/app/extensions/git/dist/main
[2020-05-06 12:08:10.173] [exthost] [info] ExtensionService#_doActivateExtension vscode.github-authentication {"startup":true,"extensionId":{"value":"vscode.github-authentication","_lower":"vscode.github-authentication"},"activationEvent":"*"}
[2020-05-06 12:08:10.179] [exthost] [info] ExtensionService#loadCommonJSModule file:///usr/share/code/resources/app/extensions/github-authentication/dist/extension.js
[2020-05-06 12:08:10.269] [exthost] [info] ExtensionService#_doActivateExtension vscode.merge-conflict {"startup":true,"extensionId":{"value":"vscode.merge-conflict","_lower":"vscode.merge-conflict"},"activationEvent":"*"}
[2020-05-06 12:08:10.270] [exthost] [info] ExtensionService#loadCommonJSModule file:///usr/share/code/resources/app/extensions/merge-conflict/dist/extension
[2020-05-06 12:08:10.326] [exthost] [info] ExtensionService#_doActivateExtension vscode.search-result {"startup":true,"extensionId":{"value":"vscode.search-result","_lower":"vscode.search-result"},"activationEvent":"*"}
[2020-05-06 12:08:10.326] [exthost] [info] ExtensionService#loadCommonJSModule file:///usr/share/code/resources/app/extensions/search-result/dist/extension.js
[2020-05-06 12:08:10.349] [exthost] [info] ExtensionService#_doActivateExtension vscode.vscode-account {"startup":true,"extensionId":{"value":"vscode.vscode-account","_lower":"vscode.vscode-account"},"activationEvent":"*"}
[2020-05-06 12:08:10.353] [exthost] [info] ExtensionService#loadCommonJSModule file:///usr/share/code/resources/app/extensions/vscode-account/dist/extension.js
[2020-05-06 12:08:10.439] [exthost] [info] ExtensionService#_doActivateExtension dbaeumer.vscode-eslint {"startup":true,"extensionId":{"value":"dbaeumer.vscode-eslint","_lower":"dbaeumer.vscode-eslint"},"activationEvent":"*"}
[2020-05-06 12:08:10.439] [exthost] [info] ExtensionService#loadCommonJSModule file:///home/youssef/.vscode/extensions/dbaeumer.vscode-eslint-2.1.5/client/out/extension
[2020-05-06 12:08:10.583] [exthost] [info] ExtensionService#_doActivateExtension EditorConfig.EditorConfig {"startup":true,"extensionId":{"value":"EditorConfig.EditorConfig","_lower":"editorconfig.editorconfig"},"activationEvent":"*"}
[2020-05-06 12:08:10.583] [exthost] [info] ExtensionService#loadCommonJSModule file:///home/youssef/.vscode/extensions/editorconfig.editorconfig-0.14.5/out/editorConfigMain.js
[2020-05-06 12:08:11.021] [exthost] [info] ExtensionService#_doActivateExtension esbenp.prettier-vscode {"startup":true,"extensionId":{"value":"esbenp.prettier-vscode","_lower":"esbenp.prettier-vscode"},"activationEvent":"*"}
[2020-05-06 12:08:11.035] [exthost] [info] ExtensionService#loadCommonJSModule file:///home/youssef/.vscode/extensions/esbenp.prettier-vscode-4.5.0/dist/extension
[2020-05-06 12:08:11.847] [exthost] [info] ExtensionService#_doActivateExtension kiteco.kite {"startup":true,"extensionId":{"value":"kiteco.kite","_lower":"kiteco.kite"},"activationEvent":"*"}
[2020-05-06 12:08:11.852] [exthost] [info] ExtensionService#loadCommonJSModule file:///home/youssef/.vscode/extensions/kiteco.kite-0.110.0/dist/kite-extension
[2020-05-06 12:08:12.006] [exthost] [info] ExtensionService#_doActivateExtension ritwickdey.LiveServer {"startup":true,"extensionId":{"value":"ritwickdey.LiveServer","_lower":"ritwickdey.liveserver"},"activationEvent":"*"}
[2020-05-06 12:08:12.007] [exthost] [info] ExtensionService#loadCommonJSModule file:///home/youssef/.vscode/extensions/ritwickdey.liveserver-5.6.1/out/src/extension
[2020-05-06 12:08:25.600] [exthost] [info] ExtensionService#_doActivateExtension vscode.extension-editing {"startup":false,"extensionId":{"value":"vscode.extension-editing","_lower":"vscode.extension-editing"},"activationEvent":"onLanguage:markdown"}
[2020-05-06 12:08:25.601] [exthost] [info] ExtensionService#loadCommonJSModule file:///usr/share/code/resources/app/extensions/extension-editing/dist/extension
[2020-05-06 12:08:25.835] [exthost] [info] ExtensionService#_doActivateExtension vscode.markdown-language-features {"startup":false,"extensionId":{"value":"vscode.markdown-language-features","_lower":"vscode.markdown-language-features"},"activationEvent":"onLanguage:markdown"}
[2020-05-06 12:08:25.843] [exthost] [info] ExtensionService#loadCommonJSModule file:///usr/share/code/resources/app/extensions/markdown-language-features/dist/extension
[2020-05-06 12:08:28.632] [exthost] [info] eager extensions activated
[2020-05-06 12:08:48.861] [exthost] [info] ExtensionService#_doActivateExtension vscode.configuration-editing {"startup":false,"extensionId":{"value":"vscode.configuration-editing","_lower":"vscode.configuration-editing"},"activationEvent":"onLanguage:jsonc"}
[2020-05-06 12:08:48.861] [exthost] [info] ExtensionService#loadCommonJSModule file:///usr/share/code/resources/app/extensions/configuration-editing/dist/extension
[2020-05-06 12:08:48.888] [exthost] [info] ExtensionService#_doActivateExtension vscode.json-language-features {"startup":false,"extensionId":{"value":"vscode.json-language-features","_lower":"vscode.json-language-features"},"activationEvent":"onLanguage:jsonc"}
[2020-05-06 12:08:48.888] [exthost] [info] ExtensionService#loadCommonJSModule file:///usr/share/code/resources/app/extensions/json-language-features/client/dist/jsonMain
[2020-05-06 12:08:48.951] [exthost] [info] ExtensionService#_doActivateExtension vscode.typescript-language-features {"startup":false,"extensionId":{"value":"vscode.typescript-language-features","_lower":"vscode.typescript-language-features"},"activationEvent":"onLanguage:jsonc"}
[2020-05-06 12:08:48.952] [exthost] [info] ExtensionService#loadCommonJSModule file:///usr/share/code/resources/app/extensions/typescript-language-features/dist/extension
[2020-05-06 14:10:44.423] [exthost] [info] ExtensionService#_doActivateExtension batisteo.vscode-django {"startup":false,"extensionId":{"value":"batisteo.vscode-django","_lower":"batisteo.vscode-django"},"activationEvent":"onLanguage:django-html"}
[2020-05-06 14:10:44.427] [exthost] [info] ExtensionService#loadCommonJSModule file:///home/youssef/.vscode/extensions/batisteo.vscode-django-0.20.0/out/extension
[2020-05-06 14:11:12.210] [exthost] [info] ExtensionService#_doActivateExtension vscode.html-language-features {"startup":false,"extensionId":{"value":"vscode.html-language-features","_lower":"vscode.html-language-features"},"activationEvent":"onLanguage:html"}
[2020-05-06 14:11:12.210] [exthost] [info] ExtensionService#loadCommonJSModule file:///usr/share/code/resources/app/extensions/html-language-features/client/dist/htmlMain
[2020-05-06 14:14:02.830] [exthost] [info] ExtensionService#_doActivateExtension VisualStudioExptTeam.vscodeintellicode {"startup":false,"extensionId":{"value":"VisualStudioExptTeam.vscodeintellicode","_lower":"visualstudioexptteam.vscodeintellicode"},"activationEvent":"onLanguage:javascript"}
[2020-05-06 14:14:02.833] [exthost] [info] ExtensionService#loadCommonJSModule file:///home/youssef/.vscode/extensions/visualstudioexptteam.vscodeintellicode-1.2.6/dist/intellicode
[2020-05-06 14:17:09.761] [exthost] [info] [vscode.typescript-language-features] UNSAVE result from 'resolveCompletionItem', extension SHOULD NOT change any of: additionalTextEdits, or command
[2020-05-06 14:17:10.760] [exthost] [error] [vscode.typescript-language-features] provider FAILED
[2020-05-06 14:17:10.769] [exthost] [error] Error: busy
	at a._provideSemanticTokens (/usr/share/code/resources/app/extensions/typescript-language-features/dist/extension.js:1:183890)
[2020-05-06 14:23:14.030] [exthost] [error] [vscode.typescript-language-features] provider FAILED
[2020-05-06 14:23:14.030] [exthost] [error] Error: busy
	at a._provideSemanticTokens (/usr/share/code/resources/app/extensions/typescript-language-features/dist/extension.js:1:183890)
[2020-05-06 14:23:21.435] [exthost] [error] [vscode.typescript-language-features] provider FAILED
[2020-05-06 14:23:21.435] [exthost] [error] Error: busy
	at a._provideSemanticTokens (/usr/share/code/resources/app/extensions/typescript-language-features/dist/extension.js:1:183890)
[2020-05-06 14:23:24.601] [exthost] [error] [vscode.typescript-language-features] provider FAILED
[2020-05-06 14:23:24.601] [exthost] [error] Error: busy
	at a._provideSemanticTokens (/usr/share/code/resources/app/extensions/typescript-language-features/dist/extension.js:1:183890)
[2020-05-06 14:23:48.646] [exthost] [error] [vscode.typescript-language-features] provider FAILED
[2020-05-06 14:23:48.647] [exthost] [error] Error: busy
	at a._provideSemanticTokens (/usr/share/code/resources/app/extensions/typescript-language-features/dist/extension.js:1:183890)
[2020-05-06 14:24:17.720] [exthost] [error] [vscode.typescript-language-features] provider FAILED
[2020-05-06 14:24:17.720] [exthost] [error] Error: busy
	at a._provideSemanticTokens (/usr/share/code/resources/app/extensions/typescript-language-features/dist/extension.js:1:183890)
[2020-05-06 14:25:13.209] [exthost] [error] [vscode.typescript-language-features] provider FAILED
[2020-05-06 14:25:13.209] [exthost] [error] Error: busy
	at a._provideSemanticTokens (/usr/share/code/resources/app/extensions/typescript-language-features/dist/extension.js:1:183890)
[2020-05-06 14:25:48.803] [exthost] [error] [vscode.typescript-language-features] provider FAILED
[2020-05-06 14:25:48.803] [exthost] [error] Error: busy
	at a._provideSemanticTokens (/usr/share/code/resources/app/extensions/typescript-language-features/dist/extension.js:1:183890)
[2020-05-06 14:25:49.997] [exthost] [error] [vscode.typescript-language-features] provider FAILED
[2020-05-06 14:25:49.998] [exthost] [error] Error: busy
	at a._provideSemanticTokens (/usr/share/code/resources/app/extensions/typescript-language-features/dist/extension.js:1:183890)
[2020-05-06 14:25:53.573] [exthost] [error] [vscode.typescript-language-features] provider FAILED
[2020-05-06 14:25:53.574] [exthost] [error] Error: busy
	at a._provideSemanticTokens (/usr/share/code/resources/app/extensions/typescript-language-features/dist/extension.js:1:183890)
[2020-05-06 14:26:52.457] [exthost] [error] [vscode.typescript-language-features] provider FAILED
[2020-05-06 14:26:52.458] [exthost] [error] Error: busy
	at a._provideSemanticTokens (/usr/share/code/resources/app/extensions/typescript-language-features/dist/extension.js:1:183890)
[2020-05-06 14:26:53.835] [exthost] [error] [vscode.typescript-language-features] provider FAILED
[2020-05-06 14:26:53.835] [exthost] [error] Error: busy
	at a._provideSemanticTokens (/usr/share/code/resources/app/extensions/typescript-language-features/dist/extension.js:1:183890)
[2020-05-06 14:27:01.666] [exthost] [error] [vscode.typescript-language-features] provider FAILED
[2020-05-06 14:27:01.667] [exthost] [error] Error: busy
	at a._provideSemanticTokens (/usr/share/code/resources/app/extensions/typescript-language-features/dist/extension.js:1:183890)
[2020-05-06 14:27:33.804] [exthost] [error] [vscode.typescript-language-features] provider FAILED
[2020-05-06 14:27:33.804] [exthost] [error] Error: busy
	at a._provideSemanticTokens (/usr/share/code/resources/app/extensions/typescript-language-features/dist/extension.js:1:183890)
[2020-05-06 14:27:52.454] [exthost] [error] [vscode.typescript-language-features] provider FAILED
[2020-05-06 14:27:52.454] [exthost] [error] Error: busy
	at a._provideSemanticTokens (/usr/share/code/resources/app/extensions/typescript-language-features/dist/extension.js:1:183890)
[2020-05-06 14:27:57.178] [exthost] [error] [vscode.typescript-language-features] provider FAILED
[2020-05-06 14:27:57.179] [exthost] [error] Error: busy
	at a._provideSemanticTokens (/usr/share/code/resources/app/extensions/typescript-language-features/dist/extension.js:1:183890)
[2020-05-06 14:28:15.328] [exthost] [error] [vscode.typescript-language-features] provider FAILED
[2020-05-06 14:28:15.329] [exthost] [error] Error: busy
	at a._provideSemanticTokens (/usr/share/code/resources/app/extensions/typescript-language-features/dist/extension.js:1:183890)
[2020-05-06 14:28:19.115] [exthost] [error] [vscode.typescript-language-features] provider FAILED
[2020-05-06 14:28:19.115] [exthost] [error] Error: busy
	at a._provideSemanticTokens (/usr/share/code/resources/app/extensions/typescript-language-features/dist/extension.js:1:183890)
[2020-05-06 14:28:22.596] [exthost] [error] [vscode.typescript-language-features] provider FAILED
[2020-05-06 14:28:22.596] [exthost] [error] Error: busy
	at a._provideSemanticTokens (/usr/share/code/resources/app/extensions/typescript-language-features/dist/extension.js:1:183890)
[2020-05-06 14:29:13.476] [exthost] [error] [vscode.typescript-language-features] provider FAILED
[2020-05-06 14:29:13.476] [exthost] [error] Error: busy
	at a._provideSemanticTokens (/usr/share/code/resources/app/extensions/typescript-language-features/dist/extension.js:1:183890)
[2020-05-06 14:29:14.697] [exthost] [error] [vscode.typescript-language-features] provider FAILED
[2020-05-06 14:29:14.697] [exthost] [error] Error: busy
	at a._provideSemanticTokens (/usr/share/code/resources/app/extensions/typescript-language-features/dist/extension.js:1:183890)
[2020-05-06 14:29:34.063] [exthost] [error] [vscode.typescript-language-features] provider FAILED
[2020-05-06 14:29:34.063] [exthost] [error] Error: busy
	at a._provideSemanticTokens (/usr/share/code/resources/app/extensions/typescript-language-features/dist/extension.js:1:183890)
[2020-05-06 14:29:37.165] [exthost] [error] [vscode.typescript-language-features] provider FAILED
[2020-05-06 14:29:37.165] [exthost] [error] Error: busy
	at a._provideSemanticTokens (/usr/share/code/resources/app/extensions/typescript-language-features/dist/extension.js:1:183890)
[2020-05-06 14:29:40.847] [exthost] [error] [vscode.typescript-language-features] provider FAILED
[2020-05-06 14:29:40.847] [exthost] [error] Error: busy
	at a._provideSemanticTokens (/usr/share/code/resources/app/extensions/typescript-language-features/dist/extension.js:1:183890)
[2020-05-06 14:29:43.718] [exthost] [error] [vscode.typescript-language-features] provider FAILED
[2020-05-06 14:29:43.718] [exthost] [error] Error: busy
	at a._provideSemanticTokens (/usr/share/code/resources/app/extensions/typescript-language-features/dist/extension.js:1:183890)
[2020-05-06 14:29:46.167] [exthost] [error] [vscode.typescript-language-features] provider FAILED
[2020-05-06 14:29:46.167] [exthost] [error] Error: busy
	at a._provideSemanticTokens (/usr/share/code/resources/app/extensions/typescript-language-features/dist/extension.js:1:183890)
[2020-05-06 14:29:48.692] [exthost] [error] [vscode.typescript-language-features] provider FAILED
[2020-05-06 14:29:48.692] [exthost] [error] Error: busy
	at a._provideSemanticTokens (/usr/share/code/resources/app/extensions/typescript-language-features/dist/extension.js:1:183890)
[2020-05-06 14:29:49.400] [exthost] [error] [vscode.typescript-language-features] provider FAILED
[2020-05-06 14:29:49.400] [exthost] [error] Error: busy
	at a._provideSemanticTokens (/usr/share/code/resources/app/extensions/typescript-language-features/dist/extension.js:1:183890)
[2020-05-06 14:29:53.003] [exthost] [error] [vscode.typescript-language-features] provider FAILED
[2020-05-06 14:29:53.003] [exthost] [error] Error: busy
	at a._provideSemanticTokens (/usr/share/code/resources/app/extensions/typescript-language-features/dist/extension.js:1:183890)
[2020-05-06 14:30:52.782] [exthost] [error] [vscode.typescript-language-features] provider FAILED
[2020-05-06 14:30:52.782] [exthost] [error] Error: busy
	at a._provideSemanticTokens (/usr/share/code/resources/app/extensions/typescript-language-features/dist/extension.js:1:183890)
[2020-05-06 14:31:07.304] [exthost] [error] [vscode.typescript-language-features] provider FAILED
[2020-05-06 14:31:07.305] [exthost] [error] Error: busy
	at a._provideSemanticTokens (/usr/share/code/resources/app/extensions/typescript-language-features/dist/extension.js:1:183890)
[2020-05-06 14:44:33.533] [exthost] [error] [vscode.typescript-language-features] provider FAILED
[2020-05-06 14:44:33.533] [exthost] [error] Error: busy
	at a._provideSemanticTokens (/usr/share/code/resources/app/extensions/typescript-language-features/dist/extension.js:1:183890)
[2020-05-06 14:45:56.214] [exthost] [error] [vscode.typescript-language-features] provider FAILED
[2020-05-06 14:45:56.214] [exthost] [error] Error: busy
	at a._provideSemanticTokens (/usr/share/code/resources/app/extensions/typescript-language-features/dist/extension.js:1:183890)
[2020-05-06 14:46:00.922] [exthost] [error] [vscode.typescript-language-features] provider FAILED
[2020-05-06 14:46:00.922] [exthost] [error] Error: busy
	at a._provideSemanticTokens (/usr/share/code/resources/app/extensions/typescript-language-features/dist/extension.js:1:183890)
[2020-05-06 15:20:00.523] [exthost] [error] [vscode.typescript-language-features] provider FAILED
[2020-05-06 15:20:00.524] [exthost] [error] Error: busy
	at a._provideSemanticTokens (/usr/share/code/resources/app/extensions/typescript-language-features/dist/extension.js:1:183890)
[2020-05-06 15:20:53.232] [exthost] [error] [vscode.typescript-language-features] provider FAILED
[2020-05-06 15:20:53.232] [exthost] [error] Error: busy
	at a._provideSemanticTokens (/usr/share/code/resources/app/extensions/typescript-language-features/dist/extension.js:1:183890)
[2020-05-06 15:20:56.697] [exthost] [error] [vscode.typescript-language-features] provider FAILED
[2020-05-06 15:20:56.698] [exthost] [error] Error: busy
	at a._provideSemanticTokens (/usr/share/code/resources/app/extensions/typescript-language-features/dist/extension.js:1:183890)
[2020-05-06 15:20:58.389] [exthost] [error] [vscode.typescript-language-features] provider FAILED
[2020-05-06 15:20:58.389] [exthost] [error] Error: busy
	at a._provideSemanticTokens (/usr/share/code/resources/app/extensions/typescript-language-features/dist/extension.js:1:183890)
[2020-05-06 15:21:10.409] [exthost] [error] [vscode.typescript-language-features] provider FAILED
[2020-05-06 15:21:10.409] [exthost] [error] Error: busy
	at a._provideSemanticTokens (/usr/share/code/resources/app/extensions/typescript-language-features/dist/extension.js:1:183890)
[2020-05-06 15:21:12.875] [exthost] [error] [vscode.typescript-language-features] provider FAILED
[2020-05-06 15:21:12.875] [exthost] [error] Error: busy
	at a._provideSemanticTokens (/usr/share/code/resources/app/extensions/typescript-language-features/dist/extension.js:1:183890)
[2020-05-06 15:21:15.391] [exthost] [error] [vscode.typescript-language-features] provider FAILED
[2020-05-06 15:21:15.392] [exthost] [error] Error: busy
	at a._provideSemanticTokens (/usr/share/code/resources/app/extensions/typescript-language-features/dist/extension.js:1:183890)
[2020-05-06 15:21:19.408] [exthost] [error] [vscode.typescript-language-features] provider FAILED
[2020-05-06 15:21:19.408] [exthost] [error] Error: busy
	at a._provideSemanticTokens (/usr/share/code/resources/app/extensions/typescript-language-features/dist/extension.js:1:183890)
[2020-05-06 15:22:33.282] [exthost] [info] ExtensionService#_doActivateExtension vscode.css-language-features {"startup":false,"extensionId":{"value":"vscode.css-language-features","_lower":"vscode.css-language-features"},"activationEvent":"onLanguage:css"}
[2020-05-06 15:22:33.286] [exthost] [info] ExtensionService#loadCommonJSModule file:///usr/share/code/resources/app/extensions/css-language-features/client/dist/cssMain
[2020-05-06 15:32:43.824] [exthost] [error] [vscode.typescript-language-features] provider FAILED
[2020-05-06 15:32:43.824] [exthost] [error] Error: busy
	at a._provideSemanticTokens (/usr/share/code/resources/app/extensions/typescript-language-features/dist/extension.js:1:183890)
[2020-05-06 15:32:46.807] [exthost] [error] [vscode.typescript-language-features] provider FAILED
[2020-05-06 15:32:46.807] [exthost] [error] Error: busy
	at a._provideSemanticTokens (/usr/share/code/resources/app/extensions/typescript-language-features/dist/extension.js:1:183890)
[2020-05-06 15:32:54.077] [exthost] [error] [vscode.typescript-language-features] provider FAILED
[2020-05-06 15:32:54.077] [exthost] [error] Error: busy
	at a._provideSemanticTokens (/usr/share/code/resources/app/extensions/typescript-language-features/dist/extension.js:1:183890)
[2020-05-06 15:32:54.931] [exthost] [error] [vscode.typescript-language-features] provider FAILED
[2020-05-06 15:32:54.932] [exthost] [error] Error: busy
	at a._provideSemanticTokens (/usr/share/code/resources/app/extensions/typescript-language-features/dist/extension.js:1:183890)
[2020-05-06 15:32:57.443] [exthost] [error] [vscode.typescript-language-features] provider FAILED
[2020-05-06 15:32:57.444] [exthost] [error] Error: busy
	at a._provideSemanticTokens (/usr/share/code/resources/app/extensions/typescript-language-features/dist/extension.js:1:183890)
[2020-05-06 15:33:06.124] [exthost] [error] [vscode.typescript-language-features] provider FAILED
[2020-05-06 15:33:06.124] [exthost] [error] Error: busy
	at a._provideSemanticTokens (/usr/share/code/resources/app/extensions/typescript-language-features/dist/extension.js:1:183890)
[2020-05-06 15:33:11.221] [exthost] [error] [vscode.typescript-language-features] provider FAILED
[2020-05-06 15:33:11.221] [exthost] [error] Error: busy
	at a._provideSemanticTokens (/usr/share/code/resources/app/extensions/typescript-language-features/dist/extension.js:1:183890)
[2020-05-06 15:33:12.998] [exthost] [error] [vscode.typescript-language-features] provider FAILED
[2020-05-06 15:33:12.999] [exthost] [error] Error: busy
	at a._provideSemanticTokens (/usr/share/code/resources/app/extensions/typescript-language-features/dist/extension.js:1:183890)
[2020-05-06 15:33:22.892] [exthost] [error] [vscode.typescript-language-features] provider FAILED
[2020-05-06 15:33:22.892] [exthost] [error] Error: busy
	at a._provideSemanticTokens (/usr/share/code/resources/app/extensions/typescript-language-features/dist/extension.js:1:183890)
[2020-05-06 15:33:25.425] [exthost] [error] [vscode.typescript-language-features] provider FAILED
[2020-05-06 15:33:25.425] [exthost] [error] Error: busy
	at a._provideSemanticTokens (/usr/share/code/resources/app/extensions/typescript-language-features/dist/extension.js:1:183890)
[2020-05-06 15:33:45.639] [exthost] [error] [vscode.typescript-language-features] provider FAILED
[2020-05-06 15:33:45.639] [exthost] [error] Error: busy
	at a._provideSemanticTokens (/usr/share/code/resources/app/extensions/typescript-language-features/dist/extension.js:1:183890)
[2020-05-06 15:33:55.874] [exthost] [error] [vscode.typescript-language-features] provider FAILED
[2020-05-06 15:33:55.874] [exthost] [error] Error: busy
	at a._provideSemanticTokens (/usr/share/code/resources/app/extensions/typescript-language-features/dist/extension.js:1:183890)
[2020-05-06 15:41:00.258] [exthost] [error] [vscode.typescript-language-features] provider FAILED
[2020-05-06 15:41:00.259] [exthost] [error] Error: busy
	at a._provideSemanticTokens (/usr/share/code/resources/app/extensions/typescript-language-features/dist/extension.js:1:183890)
[2020-05-06 15:41:07.052] [exthost] [error] [vscode.typescript-language-features] provider FAILED
[2020-05-06 15:41:07.052] [exthost] [error] Error: busy
	at a._provideSemanticTokens (/usr/share/code/resources/app/extensions/typescript-language-features/dist/extension.js:1:183890)
[2020-05-06 15:41:59.782] [exthost] [error] [vscode.typescript-language-features] provider FAILED
[2020-05-06 15:41:59.782] [exthost] [error] Error: busy
	at a._provideSemanticTokens (/usr/share/code/resources/app/extensions/typescript-language-features/dist/extension.js:1:183890)
[2020-05-06 15:42:00.654] [exthost] [error] [vscode.typescript-language-features] provider FAILED
[2020-05-06 15:42:00.654] [exthost] [error] Error: busy
	at a._provideSemanticTokens (/usr/share/code/resources/app/extensions/typescript-language-features/dist/extension.js:1:183890)
[2020-05-06 15:44:21.810] [exthost] [error] [vscode.typescript-language-features] provider FAILED
[2020-05-06 15:44:21.810] [exthost] [error] Error: busy
	at a._provideSemanticTokens (/usr/share/code/resources/app/extensions/typescript-language-features/dist/extension.js:1:183890)
[2020-05-06 15:46:26.120] [exthost] [error] [vscode.typescript-language-features] provider FAILED
[2020-05-06 15:46:26.120] [exthost] [error] Error: busy
	at a._provideSemanticTokens (/usr/share/code/resources/app/extensions/typescript-language-features/dist/extension.js:1:183890)
[2020-05-06 15:46:30.562] [exthost] [error] [vscode.typescript-language-features] provider FAILED
[2020-05-06 15:46:30.562] [exthost] [error] Error: busy
	at a._provideSemanticTokens (/usr/share/code/resources/app/extensions/typescript-language-features/dist/extension.js:1:183890)
[2020-05-06 15:47:17.920] [exthost] [error] [vscode.typescript-language-features] provider FAILED
[2020-05-06 15:47:17.920] [exthost] [error] Error: busy
	at a._provideSemanticTokens (/usr/share/code/resources/app/extensions/typescript-language-features/dist/extension.js:1:183890)
[2020-05-06 15:47:33.367] [exthost] [error] [vscode.typescript-language-features] provider FAILED
[2020-05-06 15:47:33.367] [exthost] [error] Error: busy
	at a._provideSemanticTokens (/usr/share/code/resources/app/extensions/typescript-language-features/dist/extension.js:1:183890)
[2020-05-06 15:48:45.138] [exthost] [error] [vscode.typescript-language-features] provider FAILED
[2020-05-06 15:48:45.138] [exthost] [error] Error: busy
	at a._provideSemanticTokens (/usr/share/code/resources/app/extensions/typescript-language-features/dist/extension.js:1:183890)
[2020-05-06 15:48:57.914] [exthost] [error] [vscode.typescript-language-features] provider FAILED
[2020-05-06 15:48:57.914] [exthost] [error] Error: busy
	at a._provideSemanticTokens (/usr/share/code/resources/app/extensions/typescript-language-features/dist/extension.js:1:183890)
[2020-05-06 15:53:48.228] [exthost] [error] [vscode.typescript-language-features] provider FAILED
[2020-05-06 15:53:48.228] [exthost] [error] Error: busy
	at a._provideSemanticTokens (/usr/share/code/resources/app/extensions/typescript-language-features/dist/extension.js:1:183890)
[2020-05-06 15:53:49.855] [exthost] [error] [vscode.typescript-language-features] provider FAILED
[2020-05-06 15:53:49.855] [exthost] [error] Error: busy
	at a._provideSemanticTokens (/usr/share/code/resources/app/extensions/typescript-language-features/dist/extension.js:1:183890)
[2020-05-06 15:53:51.906] [exthost] [error] [vscode.typescript-language-features] provider FAILED
[2020-05-06 15:53:51.906] [exthost] [error] Error: busy
	at a._provideSemanticTokens (/usr/share/code/resources/app/extensions/typescript-language-features/dist/extension.js:1:183890)
[2020-05-06 15:54:01.418] [exthost] [error] [vscode.typescript-language-features] provider FAILED
[2020-05-06 15:54:01.419] [exthost] [error] Error: busy
	at a._provideSemanticTokens (/usr/share/code/resources/app/extensions/typescript-language-features/dist/extension.js:1:183890)
[2020-05-06 15:54:07.940] [exthost] [error] [vscode.typescript-language-features] provider FAILED
[2020-05-06 15:54:07.940] [exthost] [error] Error: busy
	at a._provideSemanticTokens (/usr/share/code/resources/app/extensions/typescript-language-features/dist/extension.js:1:183890)
[2020-05-06 15:54:14.145] [exthost] [error] [vscode.typescript-language-features] provider FAILED
[2020-05-06 15:54:14.145] [exthost] [error] Error: busy
	at a._provideSemanticTokens (/usr/share/code/resources/app/extensions/typescript-language-features/dist/extension.js:1:183890)
[2020-05-06 15:54:16.003] [exthost] [error] [vscode.typescript-language-features] provider FAILED
[2020-05-06 15:54:16.004] [exthost] [error] Error: busy
	at a._provideSemanticTokens (/usr/share/code/resources/app/extensions/typescript-language-features/dist/extension.js:1:183890)
[2020-05-06 15:54:19.734] [exthost] [error] [vscode.typescript-language-features] provider FAILED
[2020-05-06 15:54:19.735] [exthost] [error] Error: busy
	at a._provideSemanticTokens (/usr/share/code/resources/app/extensions/typescript-language-features/dist/extension.js:1:183890)
[2020-05-06 15:57:02.539] [exthost] [error] [vscode.typescript-language-features] provider FAILED
[2020-05-06 15:57:02.539] [exthost] [error] Error: busy
	at a._provideSemanticTokens (/usr/share/code/resources/app/extensions/typescript-language-features/dist/extension.js:1:183890)
[2020-05-06 20:37:18.773] [exthost] [error] [vscode.typescript-language-features] provider FAILED
[2020-05-06 20:37:18.773] [exthost] [error] Error: busy
	at a._provideSemanticTokens (/usr/share/code/resources/app/extensions/typescript-language-features/dist/extension.js:1:183890)
[2020-05-06 20:37:25.130] [exthost] [error] [vscode.typescript-language-features] provider FAILED
[2020-05-06 20:37:25.131] [exthost] [error] Error: busy
	at a._provideSemanticTokens (/usr/share/code/resources/app/extensions/typescript-language-features/dist/extension.js:1:183890)
[2020-05-06 20:38:10.156] [exthost] [error] [vscode.typescript-language-features] provider FAILED
[2020-05-06 20:38:10.157] [exthost] [error] Error: busy
	at a._provideSemanticTokens (/usr/share/code/resources/app/extensions/typescript-language-features/dist/extension.js:1:183890)
[2020-05-06 20:38:54.647] [exthost] [error] [vscode.typescript-language-features] provider FAILED
[2020-05-06 20:38:54.648] [exthost] [error] Error: busy
	at a._provideSemanticTokens (/usr/share/code/resources/app/extensions/typescript-language-features/dist/extension.js:1:183890)
[2020-05-06 20:39:26.908] [exthost] [error] [vscode.typescript-language-features] provider FAILED
[2020-05-06 20:39:26.909] [exthost] [error] Error: busy
	at a._provideSemanticTokens (/usr/share/code/resources/app/extensions/typescript-language-features/dist/extension.js:1:183890)
