Initializing document watcher...
webrtc/README.md: {}
webrtc/README.md: {}
webrtc/README.md: {}
webrtc/README.md: {}
webrtc/README.md: {}
webrtc/README.md: Using EditorConfig core...
webrtc/README.md: {}
webrtc/README.md: {}
webrtc/README.md: {}
webrtc/README.md: {}
webrtc/README.md: {}
webrtc/README.md: {}
webrtc/README.md: {}
webrtc/README.md: {}
webrtc/README.md: {}
webrtc/README.md: {}
webrtc/README.md: {}
webrtc/README.md: {}
webrtc/README.md: {}
webrtc/README.md: Using EditorConfig core...
webrtc/README.md: {}
webrtc/ch02/index.html: {}
webrtc/ch02/index.htm: {}
webrtc/ch02/index.htm: {}
webrtc/ch02/index.htm: {}
webrtc/ch02/index.htm: Using EditorConfig core...
webrtc/ch02/index.htm: {}
webrtc/ch02/index.htm: {}
webrtc/ch02/index.htm: Using EditorConfig core...
webrtc/ch02/index.htm: Using EditorConfig core...
webrtc/ch02/main.js: {}
webrtc/ch02/main.js: {}
webrtc/ch02/main.js: Using EditorConfig core...
webrtc/ch02/main.js: {}
webrtc/ch02/main.js: Using EditorConfig core...
webrtc/ch02/main.js: {}
webrtc/ch02/main.js: Using EditorConfig core...
webrtc/ch02/main.js: {}
webrtc/ch02/main.js: {}
webrtc/ch02/main.js: Using EditorConfig core...
webrtc/ch02/main.js: {}
webrtc/ch02/main.js: Using EditorConfig core...
webrtc/ch02/main.js: {}
webrtc/ch02/main.js: {}
webrtc/ch02/main.js: {}
webrtc/ch02/main.js: {}
webrtc/ch02/main.js: Using EditorConfig core...
webrtc/ch02/main.js: {}
webrtc/ch02/main.js: Using EditorConfig core...
webrtc/ch02/main.js: {}
webrtc/ch02/main.js: {}
webrtc/ch02/main.js: {}
webrtc/ch02/main.js: {}
webrtc/ch02/main.js: {}
webrtc/ch02/main.js: {}
webrtc/ch02/main.js: {}
webrtc/ch02/main.js: {}
webrtc/ch02/main.js: Using EditorConfig core...
webrtc/ch02/main.js: {}
webrtc/ch02/main.js: {}
webrtc/ch02/main.js: {}
webrtc/ch02/main.js: {}
webrtc/ch02/main.js: Using EditorConfig core...
webrtc/ch02/main.js: {}
webrtc/ch02/main.js: {}
webrtc/ch02/main.js: Using EditorConfig core...
webrtc/ch02/main.js: {}
webrtc/ch02/main.js: {}
webrtc/ch02/main.js: {}
webrtc/ch02/main.js: Using EditorConfig core...
webrtc/ch02/main.js: {}
webrtc/ch02/main.js: {}
webrtc/ch02/main.js: Using EditorConfig core...
webrtc/ch02/main.js: {}
webrtc/ch02/main.js: Using EditorConfig core...
webrtc/ch02/main.js: {}
webrtc/ch02/main.js: {}
webrtc/ch02/main.js: Using EditorConfig core...
webrtc/ch02/main.js: {}
webrtc/ch02/main.js: Using EditorConfig core...
webrtc/ch02/main.js: {}
webrtc/ch02/index.htm: {}
webrtc/ch02/stye.css: {}
webrtc/ch02/stye.css: Using EditorConfig core...
webrtc/ch02/index.htm: {}
webrtc/ch02/index.htm: Using EditorConfig core...
webrtc/ch02/index.htm: {}
webrtc/ch02/main.js: {}
webrtc/README.md: {}
webrtc/README.md: Using EditorConfig core...
webrtc/README.md: {}
webrtc/ch02/index.htm: {}
webrtc/ch02/index.htm: Using EditorConfig core...
webrtc/ch02/main.js: {}
webrtc/ch02/main.js: Using EditorConfig core...
webrtc/ch02/main.js: {}
webrtc/ch02/index.htm: {}
webrtc/ch02/index.htm: Using EditorConfig core...
webrtc/ch02/index.htm: {}
webrtc/ch02/index.htm: {}
webrtc/ch02/index.htm: {}
webrtc/ch02/index.htm: Using EditorConfig core...
webrtc/ch02/index.htm: Using EditorConfig core...
webrtc/ch02/index.htm: {}
webrtc/ch02/index.htm: {}
webrtc/ch02/main.js: {}
webrtc/ch02/main.js: Using EditorConfig core...
webrtc/ch02/main.js: {}
webrtc/ch02/main.js: {}
webrtc/ch02/main.js: Using EditorConfig core...
webrtc/ch02/main.js: {}
webrtc/ch02/main.js: {}
webrtc/ch02/main.js: {}
webrtc/ch02/main.js: Using EditorConfig core...
webrtc/ch02/main.js: {}
webrtc/ch02/main.js: {}
webrtc/ch02/main.js: {}
webrtc/ch02/main.js: {}
webrtc/ch02/main.js: {}
webrtc/ch02/main.js: {}
webrtc/ch02/main.js: {}
webrtc/ch02/main.js: {}
webrtc/ch02/main.js: {}
webrtc/ch02/main.js: {}
webrtc/ch02/main.js: {}
webrtc/ch02/main.js: {}
webrtc/ch02/main.js: {}
webrtc/ch02/main.js: Using EditorConfig core...
webrtc/ch02/main.js: {}
webrtc/ch02/main.js: {}
webrtc/ch02/main.js: Using EditorConfig core...
webrtc/ch02/main.js: {}
webrtc/ch02/main.js: {}
webrtc/ch02/main.js: Using EditorConfig core...
webrtc/ch02/main.js: {}
webrtc/ch02/main.js: Using EditorConfig core...
webrtc/ch02/main.js: {}
webrtc/ch02/index.htm: {}
webrtc/README.md: {}
webrtc/README.md: Using EditorConfig core...
webrtc/README.md: {}
webrtc/README.md: {}
webrtc/ch02/main.js: {}
webrtc/ch02/main.js: {}
webrtc/README.md: {}
webrtc/ch03/index.htm: {}
webrtc/ch03/index.htm: Using EditorConfig core...
webrtc/ch03/main.js: {}
webrtc/ch03/index.htm: {}
webrtc/ch03/main.js: {}
webrtc/ch03/main.js: {}
webrtc/ch03/index.htm: {}
webrtc/ch03/index.htm: Using EditorConfig core...
webrtc/ch03/index.htm: Using EditorConfig core...
webrtc/ch03/index.htm: {}
webrtc/ch03/index.htm: {}
webrtc/ch03/index.htm: {}
webrtc/ch03/main.js: {}
webrtc/ch03/main.js: {}
webrtc/ch03/main.js: {}
webrtc/ch03/main.js: {}
webrtc/ch03/index.htm: {}
webrtc/ch03/main.js: {}
webrtc/ch03/main.js: {}
webrtc/ch03/main.js: {}
webrtc/ch03/main.js: {}
webrtc/ch03/main.js: {}
webrtc/ch03/index.htm: {}
webrtc/ch03/index.htm: {}
webrtc/ch03/index.htm: Using EditorConfig core...
webrtc/ch03/index.htm: {}
webrtc/ch03/index.htm: Using EditorConfig core...
webrtc/ch03/index.htm: {}
webrtc/ch03/index.htm: {}
webrtc/ch03/index.htm: Using EditorConfig core...
webrtc/ch03/index.htm: {}
webrtc/README.md: {}
webrtc/README.md: Using EditorConfig core...
webrtc/README.md: {}
webrtc/ch03/main.js: {}
webrtc/ch03/main.js: Using EditorConfig core...
