["INFO" - 12:08:23 PM] Extension Name: esbenp.prettier-vscode.
["INFO" - 12:08:23 PM] Extension Version: 4.5.0.
["INFO" - 12:08:23 PM] Enabling prettier for languages
[
  "css",
  "graphql",
  "html",
  "javascript",
  "javascriptreact",
  "json",
  "json5",
  "jsonc",
  "less",
  "markdown",
  "mdx",
  "mongo",
  "postcss",
  "scss",
  "typescript",
  "typescriptreact",
  "vue",
  "yaml"
]
["INFO" - 12:08:24 PM] Enabling prettier for range supported languages
[
  "graphql",
  "javascript",
  "javascriptreact",
  "json",
  "typescript",
  "typescriptreact"
]
["INFO" - 3:38:32 PM] Formatting /home/youssef/Downloads/webrtc/ch02/index.htm
["INFO" - 3:38:32 PM] Using ignore file (if present) at /home/youssef/Downloads/webrtc/.prettierignore
["INFO" - 3:38:32 PM] Using bundled version of prettier.
["INFO" - 3:38:32 PM] File Info:
{
  "ignored": false,
  "inferredParser": "html"
}
["INFO" - 3:38:32 PM] No local configuration (i.e. .prettierrc or .editorconfig) detected, falling back to VS Code configuration
["INFO" - 3:38:32 PM] Prettier Options:
{
  "arrowParens": "always",
  "bracketSpacing": true,
  "endOfLine": "lf",
  "htmlWhitespaceSensitivity": "css",
  "insertPragma": false,
  "jsxBracketSameLine": false,
  "jsxSingleQuote": false,
  "printWidth": 80,
  "proseWrap": "preserve",
  "quoteProps": "as-needed",
  "requirePragma": false,
  "semi": true,
  "singleQuote": false,
  "tabWidth": 2,
  "trailingComma": "es5",
  "useTabs": false,
  "vueIndentScriptAndStyle": false,
  "filepath": "/home/youssef/Downloads/webrtc/ch02/index.htm",
  "parser": "html"
}
["INFO" - 3:38:32 PM] Formatting completed in 433.470494ms.
["INFO" - 3:38:37 PM] Formatting /home/youssef/Downloads/webrtc/ch02/index.htm
["INFO" - 3:38:37 PM] Using ignore file (if present) at /home/youssef/Downloads/webrtc/.prettierignore
["INFO" - 3:38:37 PM] Using bundled version of prettier.
["INFO" - 3:38:37 PM] File Info:
{
  "ignored": false,
  "inferredParser": "html"
}
["INFO" - 3:38:37 PM] No local configuration (i.e. .prettierrc or .editorconfig) detected, falling back to VS Code configuration
["INFO" - 3:38:37 PM] Prettier Options:
{
  "arrowParens": "always",
  "bracketSpacing": true,
  "endOfLine": "lf",
  "htmlWhitespaceSensitivity": "css",
  "insertPragma": false,
  "jsxBracketSameLine": false,
  "jsxSingleQuote": false,
  "printWidth": 80,
  "proseWrap": "preserve",
  "quoteProps": "as-needed",
  "requirePragma": false,
  "semi": true,
  "singleQuote": false,
  "tabWidth": 2,
  "trailingComma": "es5",
  "useTabs": false,
  "vueIndentScriptAndStyle": false,
  "filepath": "/home/youssef/Downloads/webrtc/ch02/index.htm",
  "parser": "html"
}
["INFO" - 3:38:37 PM] Formatting completed in 169.70468ms.
["INFO" - 3:40:26 PM] Formatting /home/youssef/Downloads/webrtc/ch02/main.js
["INFO" - 3:40:26 PM] Using ignore file (if present) at /home/youssef/Downloads/webrtc/.prettierignore
["INFO" - 3:40:26 PM] Using bundled version of prettier.
["INFO" - 3:40:26 PM] File Info:
{
  "ignored": false,
  "inferredParser": "babel"
}
["INFO" - 3:40:26 PM] No local configuration (i.e. .prettierrc or .editorconfig) detected, falling back to VS Code configuration
["INFO" - 3:40:26 PM] Prettier Options:
{
  "arrowParens": "always",
  "bracketSpacing": true,
  "endOfLine": "lf",
  "htmlWhitespaceSensitivity": "css",
  "insertPragma": false,
  "jsxBracketSameLine": false,
  "jsxSingleQuote": false,
  "printWidth": 80,
  "proseWrap": "preserve",
  "quoteProps": "as-needed",
  "requirePragma": false,
  "semi": true,
  "singleQuote": false,
  "tabWidth": 2,
  "trailingComma": "es5",
  "useTabs": false,
  "vueIndentScriptAndStyle": false,
  "filepath": "/home/youssef/Downloads/webrtc/ch02/main.js",
  "parser": "babel"
}
["INFO" - 3:40:26 PM] Formatting completed in 146.21603ms.
["INFO" - 3:42:01 PM] Formatting /home/youssef/Downloads/webrtc/ch02/main.js
["INFO" - 3:42:01 PM] Using ignore file (if present) at /home/youssef/Downloads/webrtc/.prettierignore
["INFO" - 3:42:01 PM] Using bundled version of prettier.
["INFO" - 3:42:01 PM] File Info:
{
  "ignored": false,
  "inferredParser": "babel"
}
["INFO" - 3:42:01 PM] No local configuration (i.e. .prettierrc or .editorconfig) detected, falling back to VS Code configuration
["INFO" - 3:42:01 PM] Prettier Options:
{
  "arrowParens": "always",
  "bracketSpacing": true,
  "endOfLine": "lf",
  "htmlWhitespaceSensitivity": "css",
  "insertPragma": false,
  "jsxBracketSameLine": false,
  "jsxSingleQuote": false,
  "printWidth": 80,
  "proseWrap": "preserve",
  "quoteProps": "as-needed",
  "requirePragma": false,
  "semi": true,
  "singleQuote": false,
  "tabWidth": 2,
  "trailingComma": "es5",
  "useTabs": false,
  "vueIndentScriptAndStyle": false,
  "filepath": "/home/youssef/Downloads/webrtc/ch02/main.js",
  "parser": "babel"
}
["ERROR" - 3:42:01 PM] Error formatting document.
["ERROR" - 3:42:01 PM] Unexpected token (46:13)
  44 | const qvgaButton = document.querySelector("button#qvga");
  45 | const hdButton = document.querySelector("button#hd");
> 46 | const stream;
     |             ^
  47 | 
  48 | 
SyntaxError: Unexpected token (46:13)
  44 | const qvgaButton = document.querySelector("button#qvga");
  45 | const hdButton = document.querySelector("button#hd");
> 46 | const stream;
     |             ^
  47 | 
  48 | 
	at e (/home/youssef/.vscode/extensions/esbenp.prettier-vscode-4.5.0/node_modules/prettier/parser-babel.js:1:344)
	at Object.parse (/home/youssef/.vscode/extensions/esbenp.prettier-vscode-4.5.0/node_modules/prettier/parser-babel.js:1:262513)
	at Object.parse (/home/youssef/.vscode/extensions/esbenp.prettier-vscode-4.5.0/node_modules/prettier/index.js:11370:19)
	at coreFormat (/home/youssef/.vscode/extensions/esbenp.prettier-vscode-4.5.0/node_modules/prettier/index.js:14784:25)
	at format (/home/youssef/.vscode/extensions/esbenp.prettier-vscode-4.5.0/node_modules/prettier/index.js:15019:75)
	at formatWithCursor (/home/youssef/.vscode/extensions/esbenp.prettier-vscode-4.5.0/node_modules/prettier/index.js:15035:12)
	at /home/youssef/.vscode/extensions/esbenp.prettier-vscode-4.5.0/node_modules/prettier/index.js:51620:12
	at Object.format (/home/youssef/.vscode/extensions/esbenp.prettier-vscode-4.5.0/node_modules/prettier/index.js:51640:12)
	at /home/youssef/.vscode/extensions/esbenp.prettier-vscode-4.5.0/dist/extension.js:1:58913
	at t.default.safeExecution (/home/youssef/.vscode/extensions/esbenp.prettier-vscode-4.5.0/dist/extension.js:1:59213)
	at t.default.<anonymous> (/home/youssef/.vscode/extensions/esbenp.prettier-vscode-4.5.0/dist/extension.js:1:58893)
	at Generator.next (<anonymous>)
	at s (/home/youssef/.vscode/extensions/esbenp.prettier-vscode-4.5.0/dist/extension.js:1:52872)
["INFO" - 3:42:01 PM] Formatting completed in 128.576091ms.
["INFO" - 3:43:58 PM] Formatting /home/youssef/Downloads/webrtc/ch02/main.js
["INFO" - 3:43:58 PM] Using ignore file (if present) at /home/youssef/Downloads/webrtc/.prettierignore
["INFO" - 3:43:58 PM] Using bundled version of prettier.
["INFO" - 3:43:58 PM] File Info:
{
  "ignored": false,
  "inferredParser": "babel"
}
["INFO" - 3:43:58 PM] No local configuration (i.e. .prettierrc or .editorconfig) detected, falling back to VS Code configuration
["INFO" - 3:43:58 PM] Prettier Options:
{
  "arrowParens": "always",
  "bracketSpacing": true,
  "endOfLine": "lf",
  "htmlWhitespaceSensitivity": "css",
  "insertPragma": false,
  "jsxBracketSameLine": false,
  "jsxSingleQuote": false,
  "printWidth": 80,
  "proseWrap": "preserve",
  "quoteProps": "as-needed",
  "requirePragma": false,
  "semi": true,
  "singleQuote": false,
  "tabWidth": 2,
  "trailingComma": "es5",
  "useTabs": false,
  "vueIndentScriptAndStyle": false,
  "filepath": "/home/youssef/Downloads/webrtc/ch02/main.js",
  "parser": "babel"
}
["ERROR" - 3:43:58 PM] Error formatting document.
["ERROR" - 3:43:58 PM] Unexpected token (51:13)
  49 | 
  50 | // The local MediaStream to play with
> 51 | const stream;
     |             ^
  52 | 
  53 | 
  54 | 
SyntaxError: Unexpected token (51:13)
  49 | 
  50 | // The local MediaStream to play with
> 51 | const stream;
     |             ^
  52 | 
  53 | 
  54 | 
	at e (/home/youssef/.vscode/extensions/esbenp.prettier-vscode-4.5.0/node_modules/prettier/parser-babel.js:1:344)
	at Object.parse (/home/youssef/.vscode/extensions/esbenp.prettier-vscode-4.5.0/node_modules/prettier/parser-babel.js:1:262513)
	at Object.parse (/home/youssef/.vscode/extensions/esbenp.prettier-vscode-4.5.0/node_modules/prettier/index.js:11370:19)
	at coreFormat (/home/youssef/.vscode/extensions/esbenp.prettier-vscode-4.5.0/node_modules/prettier/index.js:14784:25)
	at format (/home/youssef/.vscode/extensions/esbenp.prettier-vscode-4.5.0/node_modules/prettier/index.js:15019:75)
	at formatWithCursor (/home/youssef/.vscode/extensions/esbenp.prettier-vscode-4.5.0/node_modules/prettier/index.js:15035:12)
	at /home/youssef/.vscode/extensions/esbenp.prettier-vscode-4.5.0/node_modules/prettier/index.js:51620:12
	at Object.format (/home/youssef/.vscode/extensions/esbenp.prettier-vscode-4.5.0/node_modules/prettier/index.js:51640:12)
	at /home/youssef/.vscode/extensions/esbenp.prettier-vscode-4.5.0/dist/extension.js:1:58913
	at t.default.safeExecution (/home/youssef/.vscode/extensions/esbenp.prettier-vscode-4.5.0/dist/extension.js:1:59213)
	at t.default.<anonymous> (/home/youssef/.vscode/extensions/esbenp.prettier-vscode-4.5.0/dist/extension.js:1:58893)
	at Generator.next (<anonymous>)
	at s (/home/youssef/.vscode/extensions/esbenp.prettier-vscode-4.5.0/dist/extension.js:1:52872)
["INFO" - 3:43:58 PM] Formatting completed in 67.358729ms.
["INFO" - 3:54:50 PM] Formatting /home/youssef/Downloads/webrtc/ch02/main.js
["INFO" - 3:54:50 PM] Using ignore file (if present) at /home/youssef/Downloads/webrtc/.prettierignore
["INFO" - 3:54:50 PM] Using bundled version of prettier.
["INFO" - 3:54:50 PM] File Info:
{
  "ignored": false,
  "inferredParser": "babel"
}
["INFO" - 3:54:50 PM] No local configuration (i.e. .prettierrc or .editorconfig) detected, falling back to VS Code configuration
["INFO" - 3:54:50 PM] Prettier Options:
{
  "arrowParens": "always",
  "bracketSpacing": true,
  "endOfLine": "lf",
  "htmlWhitespaceSensitivity": "css",
  "insertPragma": false,
  "jsxBracketSameLine": false,
  "jsxSingleQuote": false,
  "printWidth": 80,
  "proseWrap": "preserve",
  "quoteProps": "as-needed",
  "requirePragma": false,
  "semi": true,
  "singleQuote": false,
  "tabWidth": 2,
  "trailingComma": "es5",
  "useTabs": false,
  "vueIndentScriptAndStyle": false,
  "filepath": "/home/youssef/Downloads/webrtc/ch02/main.js",
  "parser": "babel"
}
["ERROR" - 3:54:50 PM] Error formatting document.
["ERROR" - 3:54:50 PM] Unexpected token (78:13)
  76 | 
  77 | // The local MediaStream to play with
> 78 | const stream;
     |             ^
  79 | 
  80 | 
  81 | // Associate actions with buttons:
SyntaxError: Unexpected token (78:13)
  76 | 
  77 | // The local MediaStream to play with
> 78 | const stream;
     |             ^
  79 | 
  80 | 
  81 | // Associate actions with buttons:
	at e (/home/youssef/.vscode/extensions/esbenp.prettier-vscode-4.5.0/node_modules/prettier/parser-babel.js:1:344)
	at Object.parse (/home/youssef/.vscode/extensions/esbenp.prettier-vscode-4.5.0/node_modules/prettier/parser-babel.js:1:262513)
	at Object.parse (/home/youssef/.vscode/extensions/esbenp.prettier-vscode-4.5.0/node_modules/prettier/index.js:11370:19)
	at coreFormat (/home/youssef/.vscode/extensions/esbenp.prettier-vscode-4.5.0/node_modules/prettier/index.js:14784:25)
	at format (/home/youssef/.vscode/extensions/esbenp.prettier-vscode-4.5.0/node_modules/prettier/index.js:15019:75)
	at formatWithCursor (/home/youssef/.vscode/extensions/esbenp.prettier-vscode-4.5.0/node_modules/prettier/index.js:15035:12)
	at /home/youssef/.vscode/extensions/esbenp.prettier-vscode-4.5.0/node_modules/prettier/index.js:51620:12
	at Object.format (/home/youssef/.vscode/extensions/esbenp.prettier-vscode-4.5.0/node_modules/prettier/index.js:51640:12)
	at /home/youssef/.vscode/extensions/esbenp.prettier-vscode-4.5.0/dist/extension.js:1:58913
	at t.default.safeExecution (/home/youssef/.vscode/extensions/esbenp.prettier-vscode-4.5.0/dist/extension.js:1:59213)
	at t.default.<anonymous> (/home/youssef/.vscode/extensions/esbenp.prettier-vscode-4.5.0/dist/extension.js:1:58893)
	at Generator.next (<anonymous>)
	at s (/home/youssef/.vscode/extensions/esbenp.prettier-vscode-4.5.0/dist/extension.js:1:52872)
["INFO" - 3:54:50 PM] Formatting completed in 154.46179ms.
["INFO" - 3:57:03 PM] Formatting /home/youssef/Downloads/webrtc/ch02/main.js
["INFO" - 3:57:03 PM] Using ignore file (if present) at /home/youssef/Downloads/webrtc/.prettierignore
["INFO" - 3:57:03 PM] Using bundled version of prettier.
["INFO" - 3:57:03 PM] File Info:
{
  "ignored": false,
  "inferredParser": "babel"
}
["INFO" - 3:57:03 PM] No local configuration (i.e. .prettierrc or .editorconfig) detected, falling back to VS Code configuration
["INFO" - 3:57:03 PM] Prettier Options:
{
  "arrowParens": "always",
  "bracketSpacing": true,
  "endOfLine": "lf",
  "htmlWhitespaceSensitivity": "css",
  "insertPragma": false,
  "jsxBracketSameLine": false,
  "jsxSingleQuote": false,
  "printWidth": 80,
  "proseWrap": "preserve",
  "quoteProps": "as-needed",
  "requirePragma": false,
  "semi": true,
  "singleQuote": false,
  "tabWidth": 2,
  "trailingComma": "es5",
  "useTabs": false,
  "vueIndentScriptAndStyle": false,
  "filepath": "/home/youssef/Downloads/webrtc/ch02/main.js",
  "parser": "babel"
}
["INFO" - 3:57:03 PM] Formatting completed in 124.730189ms.
["INFO" - 3:59:45 PM] Formatting /home/youssef/Downloads/webrtc/ch02/main.js
["INFO" - 3:59:45 PM] Using ignore file (if present) at /home/youssef/Downloads/webrtc/.prettierignore
["INFO" - 3:59:45 PM] Using bundled version of prettier.
["INFO" - 3:59:45 PM] File Info:
{
  "ignored": false,
  "inferredParser": "babel"
}
["INFO" - 3:59:45 PM] No local configuration (i.e. .prettierrc or .editorconfig) detected, falling back to VS Code configuration
["INFO" - 3:59:45 PM] Prettier Options:
{
  "arrowParens": "always",
  "bracketSpacing": true,
  "endOfLine": "lf",
  "htmlWhitespaceSensitivity": "css",
  "insertPragma": false,
  "jsxBracketSameLine": false,
  "jsxSingleQuote": false,
  "printWidth": 80,
  "proseWrap": "preserve",
  "quoteProps": "as-needed",
  "requirePragma": false,
  "semi": true,
  "singleQuote": false,
  "tabWidth": 2,
  "trailingComma": "es5",
  "useTabs": false,
  "vueIndentScriptAndStyle": false,
  "filepath": "/home/youssef/Downloads/webrtc/ch02/main.js",
  "parser": "babel"
}
["INFO" - 3:59:45 PM] Formatting completed in 119.251534ms.
["INFO" - 4:00:19 PM] Formatting /home/youssef/Downloads/webrtc/ch02/main.js
["INFO" - 4:00:19 PM] Using ignore file (if present) at /home/youssef/Downloads/webrtc/.prettierignore
["INFO" - 4:00:19 PM] Using bundled version of prettier.
["INFO" - 4:00:19 PM] File Info:
{
  "ignored": false,
  "inferredParser": "babel"
}
["INFO" - 4:00:19 PM] No local configuration (i.e. .prettierrc or .editorconfig) detected, falling back to VS Code configuration
["INFO" - 4:00:19 PM] Prettier Options:
{
  "arrowParens": "always",
  "bracketSpacing": true,
  "endOfLine": "lf",
  "htmlWhitespaceSensitivity": "css",
  "insertPragma": false,
  "jsxBracketSameLine": false,
  "jsxSingleQuote": false,
  "printWidth": 80,
  "proseWrap": "preserve",
  "quoteProps": "as-needed",
  "requirePragma": false,
  "semi": true,
  "singleQuote": false,
  "tabWidth": 2,
  "trailingComma": "es5",
  "useTabs": false,
  "vueIndentScriptAndStyle": false,
  "filepath": "/home/youssef/Downloads/webrtc/ch02/main.js",
  "parser": "babel"
}
["INFO" - 4:00:19 PM] Formatting completed in 217.58229ms.
["INFO" - 4:01:05 PM] Formatting /home/youssef/Downloads/webrtc/README.md
["INFO" - 4:01:05 PM] Using ignore file (if present) at /home/youssef/Downloads/webrtc/.prettierignore
["INFO" - 4:01:05 PM] Using bundled version of prettier.
["INFO" - 4:01:05 PM] File Info:
{
  "ignored": false,
  "inferredParser": "markdown"
}
["INFO" - 4:01:05 PM] No local configuration (i.e. .prettierrc or .editorconfig) detected, falling back to VS Code configuration
["INFO" - 4:01:05 PM] Prettier Options:
{
  "arrowParens": "always",
  "bracketSpacing": true,
  "endOfLine": "lf",
  "htmlWhitespaceSensitivity": "css",
  "insertPragma": false,
  "jsxBracketSameLine": false,
  "jsxSingleQuote": false,
  "printWidth": 80,
  "proseWrap": "preserve",
  "quoteProps": "as-needed",
  "requirePragma": false,
  "semi": true,
  "singleQuote": false,
  "tabWidth": 2,
  "trailingComma": "es5",
  "useTabs": false,
  "vueIndentScriptAndStyle": false,
  "filepath": "/home/youssef/Downloads/webrtc/README.md",
  "parser": "markdown"
}
["INFO" - 4:01:06 PM] Formatting completed in 236.402229ms.
