Initializing document watcher...
ch03/index.htm: {}
ch03/index.htm: {}
No more open editors.
ch03/main.js: {}
ch03/index.htm: {}
ch03/index.htm: Using EditorConfig core...
ch03/main.js: {}
ch03/main.js: {}
ch03/main.js: Using EditorConfig core...
ch03/main.js: {}
ch03/index.htm: {}
ch03/main.js: {}
ch03/main.js: {}
ch03/main.js: Using EditorConfig core...
ch03/main.js: {}
ch03/main.js: Using EditorConfig core...
ch03/main.js: {}
ch03/main.js: {}
ch03/main.js: {}
ch03/main.js: {}
ch03/main.js: {}
ch03/main.js: {}
ch03/main.js: {}
ch03/main.js: {}
ch03/main.js: {}
ch03/main.js: {}
ch03/main.js: {}
ch03/main.js: {}
ch03/main.js: Using EditorConfig core...
ch03/main.js: {}
ch03/main.js: {}
ch03/main.js: {}
ch03/main.js: {}
ch03/main.js: {}
ch03/main.js: {}
ch03/main.js: {}
ch03/main.js: {}
ch03/main.js: Using EditorConfig core...
ch03/main.js: {}
ch03/main.js: {}
ch03/main.js: Using EditorConfig core...
ch03/main.js: {}
ch03/main.js: {}
ch03/main.js: {}
ch03/main.js: {}
ch03/main.js: {}
ch03/main.js: {}
ch03/main.js: {}
ch03/main.js: {}
ch03/main.js: {}
ch03/main.js: {}
ch03/main.js: {}
ch03/main.js: {}
ch03/main.js: {}
ch03/main.js: {}
ch03/main.js: {}
ch03/main.js: {}
ch03/main.js: {}
ch03/main.js: {}
ch03/main.js: {}
ch03/main.js: {}
ch03/main.js: {}
ch03/main.js: {}
ch03/main.js: {}
ch03/main.js: {}
ch03/main.js: {}
ch03/main.js: {}
ch03/main.js: {}
ch03/main.js: {}
ch03/main.js: {}
ch03/main.js: {}
ch03/main.js: {}
ch03/main.js: {}
ch03/main.js: {}
ch03/main.js: {}
ch03/main.js: Using EditorConfig core...
ch03/main.js: {}
ch03/main.js: {}
ch03/main.js: {}
ch03/main.js: {}
ch03/main.js: {}
ch03/main.js: {}
ch03/main.js: {}
ch03/main.js: Using EditorConfig core...
ch03/main.js: {}
ch03/main.js: {}
ch03/main.js: {}
ch03/main.js: Using EditorConfig core...
ch03/main.js: {}
ch03/main.js: Using EditorConfig core...
ch03/main.js: {}
ch03/main.js: {}
ch03/main.js: {}
ch03/main.js: Using EditorConfig core...
ch03/main.js: {}
ch03/main.js: {}
ch03/main.js: {}
ch03/main.js: {}
ch03/main.js: {}
ch03/main.js: Using EditorConfig core...
ch03/main.js: Using EditorConfig core...
ch03/main.js: {}
ch03/main.js: Using EditorConfig core...
ch03/main.js: Using EditorConfig core...
ch03/main.js: {}
ch03/main.js: Using EditorConfig core...
ch03/main.js: Using EditorConfig core...
ch03/main.js: Using EditorConfig core...
ch03/main.js: {}
ch03/main.js: {}
ch03/main.js: {}
ch03/main.js: Using EditorConfig core...
ch03/main.js: {}
ch03/main.js: {}
ch03/main.js: Using EditorConfig core...
ch03/main.js: {}
ch03/main.js: {}
ch03/main.js: {}
ch03/main.js: Using EditorConfig core...
ch03/main.js: {}
ch03/main.js: {}
ch03/main.js: Using EditorConfig core...
ch03/main.js: {}
ch03/main.js: {}
ch03/main.js: Using EditorConfig core...
ch03/main.js: {}
ch03/main.js: Using EditorConfig core...
ch03/main.js: {}
ch03/index.htm: {}
ch03/main.js: {}
ch03/main.js: {}
ch03/main.js: {}
